14:30:58,845 INFO  eu.stratosphere.nephele.jobmanager.JobManager                 - Starting Stratosphere JobManager (Version: 0.5, Rev:27f876b)
14:30:58,925 INFO  eu.stratosphere.nephele.jobmanager.JobManager                 - Starting job manager in LOCAL mode
14:30:58,934 INFO  eu.stratosphere.nephele.instance.local.LocalInstanceManager   - Default instance type is default
14:30:59,260 INFO  eu.stratosphere.nephele.taskmanager.TaskManager               - TaskManager started as user mbalassi
14:30:59,260 INFO  eu.stratosphere.nephele.taskmanager.TaskManager               - User system property: mbalassi
14:30:59,260 INFO  eu.stratosphere.nephele.taskmanager.TaskManager               - Reading location of job manager from configuration
14:30:59,260 INFO  eu.stratosphere.nephele.taskmanager.TaskManager               - Connecting to JobManager at: localhost/127.0.0.1:6123
14:30:59,271 INFO  eu.stratosphere.nephele.taskmanager.TaskManager               - Determined /127.0.0.1 as the TaskTracker's own IP address
14:30:59,271 INFO  eu.stratosphere.nephele.taskmanager.TaskManager               - TaskManager connection information:localhost (ipcPort=6122, dataPort=6121)
14:30:59,281 INFO  eu.stratosphere.nephele.taskmanager.TaskManager               - Profiling of jobs is disabled.
14:30:59,326 INFO  eu.stratosphere.nephele.taskmanager.bufferprovider.GlobalBufferPool  - Initialized global buffer pool with 2048 buffers with a size 32768 bytes each
14:30:59,332 INFO  eu.stratosphere.nephele.taskmanager.bytebuffered.ByteBufferedChannelManager  - Initialized byte buffered channel manager with sender-side spilling disabled and spilled buffer merging enabled
14:30:59,332 INFO  eu.stratosphere.nephele.taskmanager.TaskManager               - Initializing memory manager with 418 megabytes of memory. Page size is 32768 bytes.
14:30:59,585 INFO  eu.stratosphere.nephele.jobmanager.JobManager                 - Trying to load eu.stratosphere.nephele.jobmanager.scheduler.local.LocalScheduler as scheduler
14:30:59,597 INFO  eu.stratosphere.nephele.jobmanager.web.WebInfoServer          - Setting up web info server, using web-root directory '/home/mbalassi/git/als-comparison/repo/stratosphere-bin-0.5/bin/../conf/.././resources/web-docs-infoserver'.
14:30:59,597 INFO  eu.stratosphere.nephele.jobmanager.web.WebInfoServer          - Web info server will display information about nephele job-manager on localhost, port 8081.
14:30:59,678 INFO  eu.stratosphere.nephele.jobmanager.web.WebInfoServer          - Starting web info server for JobManager on port 8081
14:31:01,662 INFO  eu.stratosphere.nephele.jobmanager.JobManager                 - Creating initial execution graph from job graph Stratosphere Job at Thu Sep 04 14:31:01 CEST 2014
14:31:01,745 INFO  eu.stratosphere.nephele.executiongraph.ExecutionGraph         - Job input vertex DataSource(CSV Input (|)) generated 1 input splits
14:31:02,039 INFO  eu.stratosphere.nephele.jobmanager.splitassigner.InputSplitManager  - Trying to load input split assigner for type eu.stratosphere.core.fs.FileInputSplit
14:31:02,041 INFO  eu.stratosphere.nephele.jobmanager.JobManager                 - Scheduling job Stratosphere Job at Thu Sep 04 14:31:01 CEST 2014
14:31:02,044 INFO  eu.stratosphere.nephele.jobmanager.scheduler.AbstractScheduler  - Requesting the following instances for job 49a70396c17258007b344f3c3fcda800
14:31:02,044 INFO  eu.stratosphere.nephele.jobmanager.scheduler.AbstractScheduler  -  default (4,4,7840,13,0) [1, 1]
14:31:02,047 INFO  eu.stratosphere.nephele.execution.ExecutionStateTransition    - JM: ExecutionState set from CREATED to SCHEDULED for task DataSource(CSV Input (|)) (1/1)
14:31:02,056 INFO  eu.stratosphere.nephele.jobmanager.JobManager                 - Status of job Stratosphere Job at Thu Sep 04 14:31:01 CEST 2014(49a70396c17258007b344f3c3fcda800) changed to SCHEDULED
14:31:02,057 INFO  eu.stratosphere.nephele.execution.ExecutionStateTransition    - JM: ExecutionState set from CREATED to SCHEDULED for task Reduce(Create q as a random matrix) (1/1)
14:31:02,057 INFO  eu.stratosphere.nephele.execution.ExecutionStateTransition    - JM: ExecutionState set from CREATED to SCHEDULED for task PartialSolution (BulkIteration (Bulk Iteration)) (1/1)
14:31:02,057 INFO  eu.stratosphere.nephele.execution.ExecutionStateTransition    - JM: ExecutionState set from CREATED to SCHEDULED for task Join(Sends the columns of q with multiple keys) (1/1)
14:31:02,057 INFO  eu.stratosphere.nephele.execution.ExecutionStateTransition    - JM: ExecutionState set from CREATED to SCHEDULED for task CoGroup(For fixed q calculates optimal p) (1/1)
14:31:02,057 INFO  eu.stratosphere.nephele.execution.ExecutionStateTransition    - JM: ExecutionState set from CREATED to SCHEDULED for task Join(Sends the rows of p with multiple keys)) (1/1)
14:31:02,057 INFO  eu.stratosphere.nephele.execution.ExecutionStateTransition    - JM: ExecutionState set from CREATED to SCHEDULED for task CoGroup(For fixed p calculates optimal q) (1/1)
14:31:02,057 INFO  eu.stratosphere.nephele.execution.ExecutionStateTransition    - JM: ExecutionState set from CREATED to SCHEDULED for task Fake Tail (1/1)
14:31:02,057 INFO  eu.stratosphere.nephele.execution.ExecutionStateTransition    - JM: ExecutionState set from CREATED to SCHEDULED for task Join(Sends the columns of q with multiple keys) (1/1)
14:31:02,057 INFO  eu.stratosphere.nephele.execution.ExecutionStateTransition    - JM: ExecutionState set from CREATED to SCHEDULED for task CoGroup(For fixed q calculates optimal p) (1/1)
14:31:02,058 INFO  eu.stratosphere.nephele.execution.ExecutionStateTransition    - JM: ExecutionState set from CREATED to SCHEDULED for task DataSink(hu.sztaki.ilab.cumulonimbus.als_comparison.strato.ColumnOutputFormatStrato@5dcde3f3) (1/1)
14:31:02,058 INFO  eu.stratosphere.nephele.execution.ExecutionStateTransition    - JM: ExecutionState set from CREATED to SCHEDULED for task DataSink(hu.sztaki.ilab.cumulonimbus.als_comparison.strato.ColumnOutputFormatStrato@7ea742a1) (1/1)
14:31:02,058 INFO  eu.stratosphere.nephele.execution.ExecutionStateTransition    - JM: ExecutionState set from CREATED to SCHEDULED for task Sync(BulkIteration (Bulk Iteration)) (1/1)
14:31:02,058 INFO  eu.stratosphere.nephele.execution.ExecutionStateTransition    - JM: ExecutionState set from SCHEDULED to ASSIGNED for task DataSource(CSV Input (|)) (1/1)
14:31:02,058 INFO  eu.stratosphere.nephele.execution.ExecutionStateTransition    - JM: ExecutionState set from SCHEDULED to ASSIGNED for task DataSink(hu.sztaki.ilab.cumulonimbus.als_comparison.strato.ColumnOutputFormatStrato@7ea742a1) (1/1)
14:31:02,059 INFO  eu.stratosphere.nephele.execution.ExecutionStateTransition    - JM: ExecutionState set from SCHEDULED to ASSIGNED for task Join(Sends the columns of q with multiple keys) (1/1)
14:31:02,059 INFO  eu.stratosphere.nephele.execution.ExecutionStateTransition    - JM: ExecutionState set from SCHEDULED to ASSIGNED for task Reduce(Create q as a random matrix) (1/1)
14:31:02,059 INFO  eu.stratosphere.nephele.execution.ExecutionStateTransition    - JM: ExecutionState set from SCHEDULED to ASSIGNED for task DataSink(hu.sztaki.ilab.cumulonimbus.als_comparison.strato.ColumnOutputFormatStrato@5dcde3f3) (1/1)
14:31:02,059 INFO  eu.stratosphere.nephele.execution.ExecutionStateTransition    - JM: ExecutionState set from SCHEDULED to ASSIGNED for task CoGroup(For fixed q calculates optimal p) (1/1)
14:31:02,059 INFO  eu.stratosphere.nephele.execution.ExecutionStateTransition    - JM: ExecutionState set from SCHEDULED to ASSIGNED for task Join(Sends the rows of p with multiple keys)) (1/1)
14:31:02,059 INFO  eu.stratosphere.nephele.execution.ExecutionStateTransition    - JM: ExecutionState set from SCHEDULED to ASSIGNED for task CoGroup(For fixed q calculates optimal p) (1/1)
14:31:02,060 INFO  eu.stratosphere.nephele.execution.ExecutionStateTransition    - JM: ExecutionState set from SCHEDULED to ASSIGNED for task Sync(BulkIteration (Bulk Iteration)) (1/1)
14:31:02,060 INFO  eu.stratosphere.nephele.execution.ExecutionStateTransition    - JM: ExecutionState set from SCHEDULED to ASSIGNED for task Join(Sends the columns of q with multiple keys) (1/1)
14:31:02,060 INFO  eu.stratosphere.nephele.execution.ExecutionStateTransition    - JM: ExecutionState set from SCHEDULED to ASSIGNED for task CoGroup(For fixed p calculates optimal q) (1/1)
14:31:02,060 INFO  eu.stratosphere.nephele.execution.ExecutionStateTransition    - JM: ExecutionState set from SCHEDULED to ASSIGNED for task Fake Tail (1/1)
14:31:02,060 INFO  eu.stratosphere.nephele.execution.ExecutionStateTransition    - JM: ExecutionState set from SCHEDULED to ASSIGNED for task PartialSolution (BulkIteration (Bulk Iteration)) (1/1)
14:31:02,060 INFO  eu.stratosphere.nephele.execution.ExecutionStateTransition    - JM: ExecutionState set from ASSIGNED to READY for task DataSource(CSV Input (|)) (1/1)
14:31:02,061 INFO  eu.stratosphere.nephele.execution.ExecutionStateTransition    - JM: ExecutionState set from READY to STARTING for task DataSource(CSV Input (|)) (1/1)
14:31:02,072 INFO  eu.stratosphere.nephele.jobmanager.JobManager                 - Starting task DataSource(CSV Input (|)) (1/1) on localhost (ipcPort=6122, dataPort=6121)
14:31:02,141 INFO  eu.stratosphere.nephele.execution.ExecutionStateTransition    - TM: ExecutionState set from STARTING to RUNNING for task DataSource(CSV Input (|)) (1/1)
14:31:02,142 INFO  eu.stratosphere.nephele.execution.ExecutionStateTransition    - JM: ExecutionState set from STARTING to RUNNING for task DataSource(CSV Input (|)) (1/1)
14:31:02,144 INFO  eu.stratosphere.nephele.jobmanager.JobManager                 - Status of job Stratosphere Job at Thu Sep 04 14:31:01 CEST 2014(49a70396c17258007b344f3c3fcda800) changed to RUNNING
14:31:02,147 INFO  eu.stratosphere.nephele.jobmanager.splitassigner.file.FileInputSplitList  - localhost (ipcPort=6122, dataPort=6121) receives remote file input split (distance 2147483647)
14:31:02,149 INFO  eu.stratosphere.nephele.jobmanager.splitassigner.InputSplitManager  - DataSource(CSV Input (|)) (1/1) receives input split 0
14:31:02,325 INFO  eu.stratosphere.nephele.execution.ExecutionStateTransition    - JM: ExecutionState set from ASSIGNED to READY for task Reduce(Create q as a random matrix) (1/1)
14:31:02,325 INFO  eu.stratosphere.nephele.execution.ExecutionStateTransition    - JM: ExecutionState set from READY to STARTING for task Reduce(Create q as a random matrix) (1/1)
14:31:02,326 INFO  eu.stratosphere.nephele.jobmanager.JobManager                 - Starting task Reduce(Create q as a random matrix) (1/1) on localhost (ipcPort=6122, dataPort=6121)
14:31:02,334 INFO  eu.stratosphere.nephele.execution.ExecutionStateTransition    - TM: ExecutionState set from STARTING to RUNNING for task Reduce(Create q as a random matrix) (1/1)
14:31:02,334 INFO  eu.stratosphere.nephele.execution.ExecutionStateTransition    - JM: ExecutionState set from STARTING to RUNNING for task Reduce(Create q as a random matrix) (1/1)
14:31:02,831 INFO  eu.stratosphere.nephele.execution.ExecutionStateTransition    - JM: ExecutionState set from ASSIGNED to READY for task Join(Sends the columns of q with multiple keys) (1/1)
14:31:02,832 INFO  eu.stratosphere.nephele.execution.ExecutionStateTransition    - JM: ExecutionState set from READY to STARTING for task Join(Sends the columns of q with multiple keys) (1/1)
14:31:02,835 INFO  eu.stratosphere.nephele.jobmanager.JobManager                 - Starting task Join(Sends the columns of q with multiple keys) (1/1) on localhost (ipcPort=6122, dataPort=6121)
14:31:02,892 INFO  eu.stratosphere.nephele.execution.ExecutionStateTransition    - TM: ExecutionState set from STARTING to RUNNING for task Join(Sends the columns of q with multiple keys) (1/1)
14:31:02,893 INFO  eu.stratosphere.nephele.execution.ExecutionStateTransition    - JM: ExecutionState set from STARTING to RUNNING for task Join(Sends the columns of q with multiple keys) (1/1)
14:31:02,903 INFO  eu.stratosphere.pact.runtime.iterative.task.IterationIntermediatePactTask  - starting iteration [1]:  Join(Sends the columns of q with multiple keys) (1/1)
14:31:03,347 INFO  eu.stratosphere.nephele.execution.ExecutionStateTransition    - JM: ExecutionState set from ASSIGNED to READY for task CoGroup(For fixed q calculates optimal p) (1/1)
14:31:03,347 INFO  eu.stratosphere.nephele.execution.ExecutionStateTransition    - JM: ExecutionState set from READY to STARTING for task CoGroup(For fixed q calculates optimal p) (1/1)
14:31:03,349 INFO  eu.stratosphere.nephele.jobmanager.JobManager                 - Starting task CoGroup(For fixed q calculates optimal p) (1/1) on localhost (ipcPort=6122, dataPort=6121)
14:31:03,391 INFO  eu.stratosphere.nephele.execution.ExecutionStateTransition    - TM: ExecutionState set from STARTING to RUNNING for task CoGroup(For fixed q calculates optimal p) (1/1)
14:31:03,392 INFO  eu.stratosphere.nephele.execution.ExecutionStateTransition    - JM: ExecutionState set from STARTING to RUNNING for task CoGroup(For fixed q calculates optimal p) (1/1)
14:31:03,871 INFO  eu.stratosphere.nephele.execution.ExecutionStateTransition    - JM: ExecutionState set from ASSIGNED to READY for task Join(Sends the rows of p with multiple keys)) (1/1)
14:31:03,871 INFO  eu.stratosphere.nephele.execution.ExecutionStateTransition    - JM: ExecutionState set from READY to STARTING for task Join(Sends the rows of p with multiple keys)) (1/1)
14:31:03,874 INFO  eu.stratosphere.nephele.jobmanager.JobManager                 - Starting task Join(Sends the rows of p with multiple keys)) (1/1) on localhost (ipcPort=6122, dataPort=6121)
14:31:03,917 INFO  eu.stratosphere.nephele.execution.ExecutionStateTransition    - TM: ExecutionState set from STARTING to RUNNING for task Join(Sends the rows of p with multiple keys)) (1/1)
14:31:03,919 INFO  eu.stratosphere.nephele.execution.ExecutionStateTransition    - JM: ExecutionState set from STARTING to RUNNING for task Join(Sends the rows of p with multiple keys)) (1/1)
14:31:03,922 INFO  eu.stratosphere.pact.runtime.iterative.task.IterationIntermediatePactTask  - starting iteration [1]:  Join(Sends the rows of p with multiple keys)) (1/1)
14:31:04,390 INFO  eu.stratosphere.nephele.execution.ExecutionStateTransition    - JM: ExecutionState set from ASSIGNED to READY for task CoGroup(For fixed p calculates optimal q) (1/1)
14:31:04,391 INFO  eu.stratosphere.nephele.execution.ExecutionStateTransition    - JM: ExecutionState set from ASSIGNED to READY for task Fake Tail (1/1)
14:31:04,391 INFO  eu.stratosphere.nephele.execution.ExecutionStateTransition    - JM: ExecutionState set from READY to STARTING for task CoGroup(For fixed p calculates optimal q) (1/1)
14:31:04,391 INFO  eu.stratosphere.nephele.execution.ExecutionStateTransition    - JM: ExecutionState set from READY to STARTING for task Fake Tail (1/1)
14:31:04,396 INFO  eu.stratosphere.nephele.jobmanager.JobManager                 - Starting task CoGroup(For fixed p calculates optimal q) (1/1) on localhost (ipcPort=6122, dataPort=6121)
14:31:04,396 INFO  eu.stratosphere.nephele.jobmanager.JobManager                 - Starting task Fake Tail (1/1) on localhost (ipcPort=6122, dataPort=6121)
14:31:04,443 INFO  eu.stratosphere.nephele.execution.ExecutionStateTransition    - TM: ExecutionState set from STARTING to RUNNING for task CoGroup(For fixed p calculates optimal q) (1/1)
14:31:04,444 INFO  eu.stratosphere.nephele.execution.ExecutionStateTransition    - TM: ExecutionState set from STARTING to RUNNING for task Fake Tail (1/1)
14:31:04,445 INFO  eu.stratosphere.nephele.execution.ExecutionStateTransition    - JM: ExecutionState set from STARTING to RUNNING for task CoGroup(For fixed p calculates optimal q) (1/1)
14:31:04,448 INFO  eu.stratosphere.nephele.execution.ExecutionStateTransition    - JM: ExecutionState set from STARTING to RUNNING for task Fake Tail (1/1)
14:31:04,915 INFO  eu.stratosphere.nephele.execution.ExecutionStateTransition    - JM: ExecutionState set from ASSIGNED to READY for task Join(Sends the columns of q with multiple keys) (1/1)
14:31:04,915 INFO  eu.stratosphere.nephele.execution.ExecutionStateTransition    - JM: ExecutionState set from READY to STARTING for task Join(Sends the columns of q with multiple keys) (1/1)
14:31:04,920 INFO  eu.stratosphere.nephele.jobmanager.JobManager                 - Starting task Join(Sends the columns of q with multiple keys) (1/1) on localhost (ipcPort=6122, dataPort=6121)
14:31:04,979 INFO  eu.stratosphere.nephele.execution.ExecutionStateTransition    - TM: ExecutionState set from STARTING to RUNNING for task Join(Sends the columns of q with multiple keys) (1/1)
14:31:04,980 INFO  eu.stratosphere.nephele.execution.ExecutionStateTransition    - JM: ExecutionState set from STARTING to RUNNING for task Join(Sends the columns of q with multiple keys) (1/1)
14:31:05,439 INFO  eu.stratosphere.nephele.execution.ExecutionStateTransition    - JM: ExecutionState set from ASSIGNED to READY for task CoGroup(For fixed q calculates optimal p) (1/1)
14:31:05,439 INFO  eu.stratosphere.nephele.execution.ExecutionStateTransition    - JM: ExecutionState set from READY to STARTING for task CoGroup(For fixed q calculates optimal p) (1/1)
14:31:05,441 INFO  eu.stratosphere.nephele.jobmanager.JobManager                 - Starting task CoGroup(For fixed q calculates optimal p) (1/1) on localhost (ipcPort=6122, dataPort=6121)
14:31:05,482 INFO  eu.stratosphere.nephele.execution.ExecutionStateTransition    - TM: ExecutionState set from STARTING to RUNNING for task CoGroup(For fixed q calculates optimal p) (1/1)
14:31:05,483 INFO  eu.stratosphere.nephele.execution.ExecutionStateTransition    - JM: ExecutionState set from STARTING to RUNNING for task CoGroup(For fixed q calculates optimal p) (1/1)
14:31:06,690 INFO  eu.stratosphere.nephele.execution.ExecutionStateTransition    - TM: ExecutionState set from RUNNING to FINISHING for task DataSource(CSV Input (|)) (1/1)
14:31:06,692 INFO  eu.stratosphere.nephele.execution.ExecutionStateTransition    - JM: ExecutionState set from RUNNING to FINISHING for task DataSource(CSV Input (|)) (1/1)
14:31:07,053 INFO  eu.stratosphere.pact.runtime.iterative.task.IterationIntermediatePactTask  - starting iteration [1]:  CoGroup(For fixed q calculates optimal p) (1/1)
14:31:07,341 INFO  eu.stratosphere.nephele.execution.ExecutionStateTransition    - JM: ExecutionState set from ASSIGNED to READY for task PartialSolution (BulkIteration (Bulk Iteration)) (1/1)
14:31:07,341 INFO  eu.stratosphere.nephele.execution.ExecutionStateTransition    - JM: ExecutionState set from READY to STARTING for task PartialSolution (BulkIteration (Bulk Iteration)) (1/1)
14:31:07,344 INFO  eu.stratosphere.nephele.jobmanager.JobManager                 - Starting task PartialSolution (BulkIteration (Bulk Iteration)) (1/1) on localhost (ipcPort=6122, dataPort=6121)
14:31:07,353 INFO  eu.stratosphere.nephele.execution.ExecutionStateTransition    - TM: ExecutionState set from STARTING to RUNNING for task PartialSolution (BulkIteration (Bulk Iteration)) (1/1)
14:31:07,354 INFO  eu.stratosphere.nephele.execution.ExecutionStateTransition    - JM: ExecutionState set from STARTING to RUNNING for task PartialSolution (BulkIteration (Bulk Iteration)) (1/1)
14:31:07,365 INFO  eu.stratosphere.pact.runtime.iterative.task.IterationTailPactTask  - starting iteration [1]:  CoGroup(For fixed p calculates optimal q) (1/1)
14:31:07,366 INFO  eu.stratosphere.pact.runtime.iterative.task.IterationHeadPactTask  - starting iteration [1]:  PartialSolution (BulkIteration (Bulk Iteration)) (1/1)
14:31:08,086 INFO  eu.stratosphere.nephele.execution.ExecutionStateTransition    - TM: ExecutionState set from RUNNING to FINISHING for task Reduce(Create q as a random matrix) (1/1)
14:31:08,087 INFO  eu.stratosphere.nephele.execution.ExecutionStateTransition    - JM: ExecutionState set from RUNNING to FINISHING for task Reduce(Create q as a random matrix) (1/1)
14:31:08,558 INFO  eu.stratosphere.pact.runtime.iterative.task.IterationIntermediatePactTask  - finishing iteration [1]:  Join(Sends the columns of q with multiple keys) (1/1)
14:31:08,558 INFO  eu.stratosphere.pact.runtime.iterative.task.IterationIntermediatePactTask  - starting iteration [2]:  Join(Sends the columns of q with multiple keys) (1/1)
14:31:09,832 INFO  eu.stratosphere.pact.runtime.iterative.task.IterationIntermediatePactTask  - finishing iteration [1]:  CoGroup(For fixed q calculates optimal p) (1/1)
14:31:09,833 INFO  eu.stratosphere.pact.runtime.iterative.task.IterationIntermediatePactTask  - starting iteration [2]:  CoGroup(For fixed q calculates optimal p) (1/1)
14:31:10,122 INFO  eu.stratosphere.pact.runtime.iterative.task.IterationIntermediatePactTask  - finishing iteration [1]:  Join(Sends the rows of p with multiple keys)) (1/1)
14:31:10,122 INFO  eu.stratosphere.pact.runtime.iterative.task.IterationIntermediatePactTask  - starting iteration [2]:  Join(Sends the rows of p with multiple keys)) (1/1)
14:31:10,300 INFO  eu.stratosphere.pact.runtime.iterative.task.IterationTailPactTask  - finishing iteration [1]:  CoGroup(For fixed p calculates optimal q) (1/1)
14:31:10,300 INFO  eu.stratosphere.pact.runtime.iterative.task.IterationTailPactTask  - starting iteration [2]:  CoGroup(For fixed p calculates optimal q) (1/1)
14:31:10,301 INFO  eu.stratosphere.pact.runtime.iterative.task.IterationHeadPactTask  - finishing iteration [1]:  PartialSolution (BulkIteration (Bulk Iteration)) (1/1)
14:31:10,301 INFO  eu.stratosphere.pact.runtime.iterative.task.IterationHeadPactTask  - sending WorkerDoneEvent to sync:  PartialSolution (BulkIteration (Bulk Iteration)) (1/1)
14:31:10,302 INFO  eu.stratosphere.nephele.execution.ExecutionStateTransition    - JM: ExecutionState set from ASSIGNED to READY for task Sync(BulkIteration (Bulk Iteration)) (1/1)
14:31:10,302 INFO  eu.stratosphere.nephele.execution.ExecutionStateTransition    - JM: ExecutionState set from READY to STARTING for task Sync(BulkIteration (Bulk Iteration)) (1/1)
14:31:10,347 INFO  eu.stratosphere.nephele.jobmanager.JobManager                 - Starting task Sync(BulkIteration (Bulk Iteration)) (1/1) on localhost (ipcPort=6122, dataPort=6121)
14:31:10,349 INFO  eu.stratosphere.nephele.execution.ExecutionStateTransition    - TM: ExecutionState set from STARTING to RUNNING for task Sync(BulkIteration (Bulk Iteration)) (1/1)
14:31:10,350 INFO  eu.stratosphere.nephele.execution.ExecutionStateTransition    - JM: ExecutionState set from STARTING to RUNNING for task Sync(BulkIteration (Bulk Iteration)) (1/1)
14:31:10,355 INFO  eu.stratosphere.pact.runtime.iterative.task.IterationSynchronizationSinkTask  - starting iteration [1]:  Sync(BulkIteration (Bulk Iteration)) (1/1)
14:31:10,804 INFO  eu.stratosphere.pact.runtime.iterative.task.IterationHeadPactTask  - waiting for other workers in iteration [1]:  PartialSolution (BulkIteration (Bulk Iteration)) (1/1)
14:31:10,855 INFO  eu.stratosphere.pact.runtime.iterative.task.IterationSynchronizationSinkTask  - finishing iteration [1]:  Sync(BulkIteration (Bulk Iteration)) (1/1)
14:31:10,856 INFO  eu.stratosphere.pact.runtime.iterative.task.IterationSynchronizationSinkTask  - signaling that all workers are done in iteration [1]:  Sync(BulkIteration (Bulk Iteration)) (1/1)
14:31:10,856 INFO  eu.stratosphere.pact.runtime.iterative.task.IterationSynchronizationSinkTask  - starting iteration [2]:  Sync(BulkIteration (Bulk Iteration)) (1/1)
14:31:10,856 INFO  eu.stratosphere.pact.runtime.iterative.task.IterationHeadPactTask  - starting iteration [2]:  PartialSolution (BulkIteration (Bulk Iteration)) (1/1)
14:31:11,028 INFO  eu.stratosphere.pact.runtime.iterative.task.IterationIntermediatePactTask  - finishing iteration [2]:  Join(Sends the columns of q with multiple keys) (1/1)
14:31:11,028 INFO  eu.stratosphere.pact.runtime.iterative.task.IterationIntermediatePactTask  - starting iteration [3]:  Join(Sends the columns of q with multiple keys) (1/1)
14:31:11,370 INFO  eu.stratosphere.pact.runtime.iterative.task.IterationIntermediatePactTask  - finishing iteration [2]:  CoGroup(For fixed q calculates optimal p) (1/1)
14:31:11,370 INFO  eu.stratosphere.pact.runtime.iterative.task.IterationIntermediatePactTask  - starting iteration [3]:  CoGroup(For fixed q calculates optimal p) (1/1)
14:31:11,433 INFO  eu.stratosphere.pact.runtime.iterative.task.IterationIntermediatePactTask  - finishing iteration [2]:  Join(Sends the rows of p with multiple keys)) (1/1)
14:31:11,434 INFO  eu.stratosphere.pact.runtime.iterative.task.IterationIntermediatePactTask  - starting iteration [3]:  Join(Sends the rows of p with multiple keys)) (1/1)
14:31:12,195 INFO  eu.stratosphere.pact.runtime.iterative.task.IterationTailPactTask  - finishing iteration [2]:  CoGroup(For fixed p calculates optimal q) (1/1)
14:31:12,195 INFO  eu.stratosphere.pact.runtime.iterative.task.IterationTailPactTask  - starting iteration [3]:  CoGroup(For fixed p calculates optimal q) (1/1)
14:31:12,195 INFO  eu.stratosphere.pact.runtime.iterative.task.IterationHeadPactTask  - finishing iteration [2]:  PartialSolution (BulkIteration (Bulk Iteration)) (1/1)
14:31:12,195 INFO  eu.stratosphere.pact.runtime.iterative.task.IterationHeadPactTask  - sending WorkerDoneEvent to sync:  PartialSolution (BulkIteration (Bulk Iteration)) (1/1)
14:31:12,195 INFO  eu.stratosphere.pact.runtime.iterative.task.IterationHeadPactTask  - waiting for other workers in iteration [2]:  PartialSolution (BulkIteration (Bulk Iteration)) (1/1)
14:31:12,195 INFO  eu.stratosphere.pact.runtime.iterative.task.IterationSynchronizationSinkTask  - finishing iteration [2]:  Sync(BulkIteration (Bulk Iteration)) (1/1)
14:31:12,196 INFO  eu.stratosphere.pact.runtime.iterative.task.IterationSynchronizationSinkTask  - signaling that all workers are done in iteration [2]:  Sync(BulkIteration (Bulk Iteration)) (1/1)
14:31:12,196 INFO  eu.stratosphere.pact.runtime.iterative.task.IterationSynchronizationSinkTask  - starting iteration [3]:  Sync(BulkIteration (Bulk Iteration)) (1/1)
14:31:12,196 INFO  eu.stratosphere.pact.runtime.iterative.task.IterationHeadPactTask  - starting iteration [3]:  PartialSolution (BulkIteration (Bulk Iteration)) (1/1)
14:31:12,284 INFO  eu.stratosphere.pact.runtime.iterative.task.IterationIntermediatePactTask  - finishing iteration [3]:  Join(Sends the columns of q with multiple keys) (1/1)
14:31:12,284 INFO  eu.stratosphere.pact.runtime.iterative.task.IterationIntermediatePactTask  - starting iteration [4]:  Join(Sends the columns of q with multiple keys) (1/1)
14:31:13,420 INFO  eu.stratosphere.pact.runtime.iterative.task.IterationIntermediatePactTask  - finishing iteration [3]:  CoGroup(For fixed q calculates optimal p) (1/1)
14:31:13,421 INFO  eu.stratosphere.pact.runtime.iterative.task.IterationIntermediatePactTask  - starting iteration [4]:  CoGroup(For fixed q calculates optimal p) (1/1)
14:31:13,489 INFO  eu.stratosphere.pact.runtime.iterative.task.IterationIntermediatePactTask  - finishing iteration [3]:  Join(Sends the rows of p with multiple keys)) (1/1)
14:31:13,489 INFO  eu.stratosphere.pact.runtime.iterative.task.IterationIntermediatePactTask  - starting iteration [4]:  Join(Sends the rows of p with multiple keys)) (1/1)
14:31:13,637 INFO  eu.stratosphere.pact.runtime.iterative.task.IterationTailPactTask  - finishing iteration [3]:  CoGroup(For fixed p calculates optimal q) (1/1)
14:31:13,638 INFO  eu.stratosphere.pact.runtime.iterative.task.IterationTailPactTask  - starting iteration [4]:  CoGroup(For fixed p calculates optimal q) (1/1)
14:31:13,638 INFO  eu.stratosphere.pact.runtime.iterative.task.IterationHeadPactTask  - finishing iteration [3]:  PartialSolution (BulkIteration (Bulk Iteration)) (1/1)
14:31:13,638 INFO  eu.stratosphere.pact.runtime.iterative.task.IterationHeadPactTask  - sending WorkerDoneEvent to sync:  PartialSolution (BulkIteration (Bulk Iteration)) (1/1)
14:31:13,638 INFO  eu.stratosphere.pact.runtime.iterative.task.IterationHeadPactTask  - waiting for other workers in iteration [3]:  PartialSolution (BulkIteration (Bulk Iteration)) (1/1)
14:31:13,638 INFO  eu.stratosphere.pact.runtime.iterative.task.IterationSynchronizationSinkTask  - finishing iteration [3]:  Sync(BulkIteration (Bulk Iteration)) (1/1)
14:31:13,638 INFO  eu.stratosphere.pact.runtime.iterative.task.IterationSynchronizationSinkTask  - maximum number of iterations [3] reached, terminating...:  Sync(BulkIteration (Bulk Iteration)) (1/1)
14:31:13,638 INFO  eu.stratosphere.pact.runtime.iterative.task.IterationSynchronizationSinkTask  - signaling that all workers are to terminate in iteration [3]:  Sync(BulkIteration (Bulk Iteration)) (1/1)
14:31:13,638 INFO  eu.stratosphere.nephele.execution.ExecutionStateTransition    - TM: ExecutionState set from RUNNING to FINISHING for task Sync(BulkIteration (Bulk Iteration)) (1/1)
14:31:13,638 INFO  eu.stratosphere.pact.runtime.iterative.task.IterationHeadPactTask  - head received termination request in iteration [3]:  PartialSolution (BulkIteration (Bulk Iteration)) (1/1)
14:31:13,638 INFO  eu.stratosphere.pact.runtime.iterative.task.IterationHeadPactTask  - streaming out final result after [3] iterations:  PartialSolution (BulkIteration (Bulk Iteration)) (1/1)
14:31:13,640 INFO  eu.stratosphere.nephele.execution.ExecutionStateTransition    - JM: ExecutionState set from RUNNING to FINISHING for task Sync(BulkIteration (Bulk Iteration)) (1/1)
14:31:13,706 INFO  eu.stratosphere.nephele.execution.ExecutionStateTransition    - JM: ExecutionState set from ASSIGNED to READY for task DataSink(hu.sztaki.ilab.cumulonimbus.als_comparison.strato.ColumnOutputFormatStrato@7ea742a1) (1/1)
14:31:13,707 INFO  eu.stratosphere.nephele.execution.ExecutionStateTransition    - JM: ExecutionState set from READY to STARTING for task DataSink(hu.sztaki.ilab.cumulonimbus.als_comparison.strato.ColumnOutputFormatStrato@7ea742a1) (1/1)
14:31:13,715 INFO  eu.stratosphere.nephele.jobmanager.JobManager                 - Starting task DataSink(hu.sztaki.ilab.cumulonimbus.als_comparison.strato.ColumnOutputFormatStrato@7ea742a1) (1/1) on localhost (ipcPort=6122, dataPort=6121)
14:31:13,744 INFO  eu.stratosphere.nephele.execution.ExecutionStateTransition    - TM: ExecutionState set from STARTING to RUNNING for task DataSink(hu.sztaki.ilab.cumulonimbus.als_comparison.strato.ColumnOutputFormatStrato@7ea742a1) (1/1)
14:31:13,837 INFO  eu.stratosphere.nephele.execution.ExecutionStateTransition    - JM: ExecutionState set from STARTING to RUNNING for task DataSink(hu.sztaki.ilab.cumulonimbus.als_comparison.strato.ColumnOutputFormatStrato@7ea742a1) (1/1)
14:31:14,211 INFO  eu.stratosphere.nephele.execution.ExecutionStateTransition    - TM: ExecutionState set from RUNNING to FINISHING for task PartialSolution (BulkIteration (Bulk Iteration)) (1/1)
14:31:14,213 INFO  eu.stratosphere.nephele.execution.ExecutionStateTransition    - JM: ExecutionState set from RUNNING to FINISHING for task PartialSolution (BulkIteration (Bulk Iteration)) (1/1)
14:31:14,214 INFO  eu.stratosphere.pact.runtime.iterative.task.IterationIntermediatePactTask  - finishing iteration [4]:  Join(Sends the columns of q with multiple keys) (1/1)
14:31:14,215 INFO  eu.stratosphere.nephele.execution.ExecutionStateTransition    - TM: ExecutionState set from RUNNING to FINISHING for task Join(Sends the columns of q with multiple keys) (1/1)
14:31:14,216 INFO  eu.stratosphere.nephele.execution.ExecutionStateTransition    - JM: ExecutionState set from RUNNING to FINISHING for task Join(Sends the columns of q with multiple keys) (1/1)
14:31:14,297 INFO  eu.stratosphere.nephele.execution.ExecutionStateTransition    - TM: ExecutionState set from FINISHING to FINISHED for task Reduce(Create q as a random matrix) (1/1)
14:31:14,299 INFO  eu.stratosphere.nephele.execution.ExecutionStateTransition    - JM: ExecutionState set from FINISHING to FINISHED for task Reduce(Create q as a random matrix) (1/1)
14:31:14,305 INFO  eu.stratosphere.nephele.execution.ExecutionStateTransition    - TM: ExecutionState set from FINISHING to FINISHED for task Sync(BulkIteration (Bulk Iteration)) (1/1)
14:31:14,308 INFO  eu.stratosphere.nephele.execution.ExecutionStateTransition    - JM: ExecutionState set from FINISHING to FINISHED for task Sync(BulkIteration (Bulk Iteration)) (1/1)
14:31:14,314 INFO  eu.stratosphere.pact.runtime.iterative.task.IterationIntermediatePactTask  - finishing iteration [4]:  CoGroup(For fixed q calculates optimal p) (1/1)
14:31:14,314 INFO  eu.stratosphere.nephele.execution.ExecutionStateTransition    - TM: ExecutionState set from RUNNING to FINISHING for task CoGroup(For fixed q calculates optimal p) (1/1)
14:31:14,315 INFO  eu.stratosphere.nephele.execution.ExecutionStateTransition    - JM: ExecutionState set from RUNNING to FINISHING for task CoGroup(For fixed q calculates optimal p) (1/1)
14:31:14,315 INFO  eu.stratosphere.pact.runtime.iterative.task.IterationIntermediatePactTask  - finishing iteration [4]:  Join(Sends the rows of p with multiple keys)) (1/1)
14:31:14,315 INFO  eu.stratosphere.nephele.execution.ExecutionStateTransition    - TM: ExecutionState set from RUNNING to FINISHING for task Join(Sends the rows of p with multiple keys)) (1/1)
14:31:14,316 INFO  eu.stratosphere.nephele.execution.ExecutionStateTransition    - JM: ExecutionState set from RUNNING to FINISHING for task Join(Sends the rows of p with multiple keys)) (1/1)
14:31:14,316 INFO  eu.stratosphere.nephele.execution.ExecutionStateTransition    - TM: ExecutionState set from FINISHING to FINISHED for task Join(Sends the columns of q with multiple keys) (1/1)
14:31:14,317 INFO  eu.stratosphere.nephele.execution.ExecutionStateTransition    - JM: ExecutionState set from FINISHING to FINISHED for task Join(Sends the columns of q with multiple keys) (1/1)
14:31:14,344 INFO  eu.stratosphere.pact.runtime.iterative.task.IterationTailPactTask  - finishing iteration [4]:  CoGroup(For fixed p calculates optimal q) (1/1)
14:31:14,344 INFO  eu.stratosphere.nephele.execution.ExecutionStateTransition    - TM: ExecutionState set from RUNNING to FINISHING for task CoGroup(For fixed p calculates optimal q) (1/1)
14:31:14,345 INFO  eu.stratosphere.nephele.execution.ExecutionStateTransition    - JM: ExecutionState set from RUNNING to FINISHING for task CoGroup(For fixed p calculates optimal q) (1/1)
14:31:14,351 INFO  eu.stratosphere.nephele.execution.ExecutionStateTransition    - TM: ExecutionState set from RUNNING to FINISHING for task Fake Tail (1/1)
14:31:14,351 INFO  eu.stratosphere.nephele.execution.ExecutionStateTransition    - JM: ExecutionState set from RUNNING to FINISHING for task Fake Tail (1/1)
14:31:14,352 INFO  eu.stratosphere.nephele.execution.ExecutionStateTransition    - TM: ExecutionState set from FINISHING to FINISHED for task Fake Tail (1/1)
14:31:14,352 INFO  eu.stratosphere.nephele.execution.ExecutionStateTransition    - JM: ExecutionState set from FINISHING to FINISHED for task Fake Tail (1/1)
14:31:14,507 INFO  eu.stratosphere.nephele.execution.ExecutionStateTransition    - TM: ExecutionState set from FINISHING to FINISHED for task Join(Sends the rows of p with multiple keys)) (1/1)
14:31:14,508 INFO  eu.stratosphere.nephele.execution.ExecutionStateTransition    - TM: ExecutionState set from FINISHING to FINISHED for task CoGroup(For fixed q calculates optimal p) (1/1)
14:31:14,507 INFO  eu.stratosphere.nephele.execution.ExecutionStateTransition    - TM: ExecutionState set from FINISHING to FINISHED for task CoGroup(For fixed p calculates optimal q) (1/1)
14:31:14,509 INFO  eu.stratosphere.nephele.execution.ExecutionStateTransition    - JM: ExecutionState set from FINISHING to FINISHED for task Join(Sends the rows of p with multiple keys)) (1/1)
14:31:14,516 INFO  eu.stratosphere.nephele.execution.ExecutionStateTransition    - JM: ExecutionState set from FINISHING to FINISHED for task CoGroup(For fixed q calculates optimal p) (1/1)
14:31:14,517 INFO  eu.stratosphere.nephele.execution.ExecutionStateTransition    - JM: ExecutionState set from FINISHING to FINISHED for task CoGroup(For fixed p calculates optimal q) (1/1)
14:31:14,521 INFO  eu.stratosphere.nephele.execution.ExecutionStateTransition    - TM: ExecutionState set from RUNNING to FINISHING for task Join(Sends the columns of q with multiple keys) (1/1)
14:31:14,522 INFO  eu.stratosphere.nephele.execution.ExecutionStateTransition    - JM: ExecutionState set from RUNNING to FINISHING for task Join(Sends the columns of q with multiple keys) (1/1)
14:31:14,540 INFO  eu.stratosphere.nephele.execution.ExecutionStateTransition    - TM: ExecutionState set from RUNNING to FINISHING for task DataSink(hu.sztaki.ilab.cumulonimbus.als_comparison.strato.ColumnOutputFormatStrato@7ea742a1) (1/1)
14:31:14,541 INFO  eu.stratosphere.nephele.execution.ExecutionStateTransition    - JM: ExecutionState set from RUNNING to FINISHING for task DataSink(hu.sztaki.ilab.cumulonimbus.als_comparison.strato.ColumnOutputFormatStrato@7ea742a1) (1/1)
14:31:14,541 INFO  eu.stratosphere.nephele.execution.ExecutionStateTransition    - TM: ExecutionState set from FINISHING to FINISHED for task DataSink(hu.sztaki.ilab.cumulonimbus.als_comparison.strato.ColumnOutputFormatStrato@7ea742a1) (1/1)
14:31:14,541 INFO  eu.stratosphere.nephele.execution.ExecutionStateTransition    - JM: ExecutionState set from FINISHING to FINISHED for task DataSink(hu.sztaki.ilab.cumulonimbus.als_comparison.strato.ColumnOutputFormatStrato@7ea742a1) (1/1)
14:31:14,608 INFO  eu.stratosphere.nephele.execution.ExecutionStateTransition    - TM: ExecutionState set from FINISHING to FINISHED for task PartialSolution (BulkIteration (Bulk Iteration)) (1/1)
14:31:14,609 INFO  eu.stratosphere.nephele.execution.ExecutionStateTransition    - JM: ExecutionState set from FINISHING to FINISHED for task PartialSolution (BulkIteration (Bulk Iteration)) (1/1)
14:31:14,635 INFO  eu.stratosphere.nephele.execution.ExecutionStateTransition    - JM: ExecutionState set from ASSIGNED to READY for task DataSink(hu.sztaki.ilab.cumulonimbus.als_comparison.strato.ColumnOutputFormatStrato@5dcde3f3) (1/1)
14:31:14,636 INFO  eu.stratosphere.nephele.execution.ExecutionStateTransition    - JM: ExecutionState set from READY to STARTING for task DataSink(hu.sztaki.ilab.cumulonimbus.als_comparison.strato.ColumnOutputFormatStrato@5dcde3f3) (1/1)
14:31:14,638 INFO  eu.stratosphere.nephele.jobmanager.JobManager                 - Starting task DataSink(hu.sztaki.ilab.cumulonimbus.als_comparison.strato.ColumnOutputFormatStrato@5dcde3f3) (1/1) on localhost (ipcPort=6122, dataPort=6121)
14:31:14,727 INFO  eu.stratosphere.nephele.execution.ExecutionStateTransition    - TM: ExecutionState set from STARTING to RUNNING for task DataSink(hu.sztaki.ilab.cumulonimbus.als_comparison.strato.ColumnOutputFormatStrato@5dcde3f3) (1/1)
14:31:14,728 INFO  eu.stratosphere.nephele.execution.ExecutionStateTransition    - JM: ExecutionState set from STARTING to RUNNING for task DataSink(hu.sztaki.ilab.cumulonimbus.als_comparison.strato.ColumnOutputFormatStrato@5dcde3f3) (1/1)
14:31:15,177 INFO  eu.stratosphere.nephele.execution.ExecutionStateTransition    - TM: ExecutionState set from RUNNING to FINISHING for task CoGroup(For fixed q calculates optimal p) (1/1)
14:31:15,178 INFO  eu.stratosphere.nephele.execution.ExecutionStateTransition    - JM: ExecutionState set from RUNNING to FINISHING for task CoGroup(For fixed q calculates optimal p) (1/1)
14:31:15,190 INFO  eu.stratosphere.nephele.execution.ExecutionStateTransition    - TM: ExecutionState set from RUNNING to FINISHING for task DataSink(hu.sztaki.ilab.cumulonimbus.als_comparison.strato.ColumnOutputFormatStrato@5dcde3f3) (1/1)
14:31:15,191 INFO  eu.stratosphere.nephele.execution.ExecutionStateTransition    - JM: ExecutionState set from RUNNING to FINISHING for task DataSink(hu.sztaki.ilab.cumulonimbus.als_comparison.strato.ColumnOutputFormatStrato@5dcde3f3) (1/1)
14:31:15,191 INFO  eu.stratosphere.nephele.execution.ExecutionStateTransition    - TM: ExecutionState set from FINISHING to FINISHED for task DataSink(hu.sztaki.ilab.cumulonimbus.als_comparison.strato.ColumnOutputFormatStrato@5dcde3f3) (1/1)
14:31:15,309 INFO  eu.stratosphere.nephele.execution.ExecutionStateTransition    - TM: ExecutionState set from FINISHING to FINISHED for task CoGroup(For fixed q calculates optimal p) (1/1)
14:31:15,309 INFO  eu.stratosphere.nephele.execution.ExecutionStateTransition    - TM: ExecutionState set from FINISHING to FINISHED for task Join(Sends the columns of q with multiple keys) (1/1)
14:31:15,309 INFO  eu.stratosphere.nephele.execution.ExecutionStateTransition    - TM: ExecutionState set from FINISHING to FINISHED for task DataSource(CSV Input (|)) (1/1)
14:31:15,310 INFO  eu.stratosphere.nephele.execution.ExecutionStateTransition    - JM: ExecutionState set from FINISHING to FINISHED for task DataSource(CSV Input (|)) (1/1)
14:31:15,312 INFO  eu.stratosphere.nephele.execution.ExecutionStateTransition    - JM: ExecutionState set from FINISHING to FINISHED for task DataSink(hu.sztaki.ilab.cumulonimbus.als_comparison.strato.ColumnOutputFormatStrato@5dcde3f3) (1/1)
14:31:15,313 INFO  eu.stratosphere.nephele.execution.ExecutionStateTransition    - JM: ExecutionState set from FINISHING to FINISHED for task Join(Sends the columns of q with multiple keys) (1/1)
14:31:15,314 INFO  eu.stratosphere.nephele.execution.ExecutionStateTransition    - JM: ExecutionState set from FINISHING to FINISHED for task CoGroup(For fixed q calculates optimal p) (1/1)
14:31:15,315 INFO  eu.stratosphere.nephele.jobmanager.scheduler.AbstractScheduler  - Releasing instance localhost (ipcPort=6122, dataPort=6121)
14:31:15,316 INFO  eu.stratosphere.nephele.jobmanager.JobManager                 - Status of job Stratosphere Job at Thu Sep 04 14:31:01 CEST 2014(49a70396c17258007b344f3c3fcda800) changed to FINISHED
